Fold 0
Model 0 best validation prc-auc = 0.497806 on epoch 10
Model 0 test prc-auc = 0.412972
Model 0 test auc = 0.867243
Model 1 best validation prc-auc = 0.480013 on epoch 4
Model 1 test prc-auc = 0.317675
Model 1 test auc = 0.836456
Model 2 best validation prc-auc = 0.497093 on epoch 7
Model 2 test prc-auc = 0.364700
Model 2 test auc = 0.857774
Model 3 best validation prc-auc = 0.490669 on epoch 12
Model 3 test prc-auc = 0.393481
Model 3 test auc = 0.866475
Model 4 best validation prc-auc = 0.503635 on epoch 15
Model 4 test prc-auc = 0.408455
Model 4 test auc = 0.844656
Model 5 best validation prc-auc = 0.496774 on epoch 20
Model 5 test prc-auc = 0.395583
Model 5 test auc = 0.813667
Model 6 best validation prc-auc = 0.487459 on epoch 17
Model 6 test prc-auc = 0.409484
Model 6 test auc = 0.851226
Model 7 best validation prc-auc = 0.489990 on epoch 9
Model 7 test prc-auc = 0.399093
Model 7 test auc = 0.830553
Model 8 best validation prc-auc = 0.487708 on epoch 20
Model 8 test prc-auc = 0.404583
Model 8 test auc = 0.831619
Model 9 best validation prc-auc = 0.475752 on epoch 11
Model 9 test prc-auc = 0.388996
Model 9 test auc = 0.825606
Ensemble test prc-auc = 0.423463
Ensemble test auc = 0.857449
Fold 1
Model 0 best validation prc-auc = 0.436769 on epoch 12
Model 0 test prc-auc = 0.502372
Model 0 test auc = 0.910021
Model 1 best validation prc-auc = 0.445172 on epoch 9
Model 1 test prc-auc = 0.506000
Model 1 test auc = 0.908080
Model 2 best validation prc-auc = 0.447292 on epoch 9
Model 2 test prc-auc = 0.527880
Model 2 test auc = 0.922156
Model 3 best validation prc-auc = 0.465170 on epoch 16
Model 3 test prc-auc = 0.505855
Model 3 test auc = 0.909292
Model 4 best validation prc-auc = 0.468440 on epoch 10
Model 4 test prc-auc = 0.500118
Model 4 test auc = 0.918745
Model 5 best validation prc-auc = 0.463198 on epoch 9
Model 5 test prc-auc = 0.489431
Model 5 test auc = 0.923795
Model 6 best validation prc-auc = 0.442579 on epoch 7
Model 6 test prc-auc = 0.517413
Model 6 test auc = 0.928336
Model 7 best validation prc-auc = 0.429514 on epoch 6
Model 7 test prc-auc = 0.540141
Model 7 test auc = 0.913112
Model 8 best validation prc-auc = 0.441819 on epoch 9
Model 8 test prc-auc = 0.535740
Model 8 test auc = 0.922518
Model 9 best validation prc-auc = 0.440515 on epoch 7
Model 9 test prc-auc = 0.505972
Model 9 test auc = 0.911808
Ensemble test prc-auc = 0.541124
Ensemble test auc = 0.926313
Fold 2
Model 0 best validation prc-auc = 0.391610 on epoch 9
Model 0 test prc-auc = 0.482893
Model 0 test auc = 0.929670
Model 1 best validation prc-auc = 0.396859 on epoch 13
Model 1 test prc-auc = 0.484312
Model 1 test auc = 0.902257
Model 2 best validation prc-auc = 0.391631 on epoch 17
Model 2 test prc-auc = 0.507205
Model 2 test auc = 0.886639
Model 3 best validation prc-auc = 0.414831 on epoch 12
Model 3 test prc-auc = 0.523227
Model 3 test auc = 0.907914
Model 4 best validation prc-auc = 0.434919 on epoch 22
Model 4 test prc-auc = 0.499133
Model 4 test auc = 0.880255
Model 5 best validation prc-auc = 0.389647 on epoch 16
Model 5 test prc-auc = 0.474824
Model 5 test auc = 0.893892
Model 6 best validation prc-auc = 0.418589 on epoch 21
Model 6 test prc-auc = 0.488798
Model 6 test auc = 0.877506
Model 7 best validation prc-auc = 0.409191 on epoch 17
Model 7 test prc-auc = 0.507022
Model 7 test auc = 0.897146
Model 8 best validation prc-auc = 0.420333 on epoch 13
Model 8 test prc-auc = 0.492605
Model 8 test auc = 0.924105
Model 9 best validation prc-auc = 0.409855 on epoch 16
Model 9 test prc-auc = 0.521290
Model 9 test auc = 0.897209
Ensemble test prc-auc = 0.519931
Ensemble test auc = 0.922400
Fold 3
Model 0 best validation prc-auc = 0.334537 on epoch 6
Model 0 test prc-auc = 0.521630
Model 0 test auc = 0.912893
Model 1 best validation prc-auc = 0.349397 on epoch 7
Model 1 test prc-auc = 0.512118
Model 1 test auc = 0.917627
Model 2 best validation prc-auc = 0.323909 on epoch 4
Model 2 test prc-auc = 0.470650
Model 2 test auc = 0.903171
Model 3 best validation prc-auc = 0.325194 on epoch 6
Model 3 test prc-auc = 0.471309
Model 3 test auc = 0.908848
Model 4 best validation prc-auc = 0.328757 on epoch 5
Model 4 test prc-auc = 0.485491
Model 4 test auc = 0.904129
Model 5 best validation prc-auc = 0.330320 on epoch 5
Model 5 test prc-auc = 0.502340
Model 5 test auc = 0.910887
Model 6 best validation prc-auc = 0.357519 on epoch 5
Model 6 test prc-auc = 0.483218
Model 6 test auc = 0.903918
Model 7 best validation prc-auc = 0.326150 on epoch 8
Model 7 test prc-auc = 0.507230
Model 7 test auc = 0.916219
Model 8 best validation prc-auc = 0.331469 on epoch 4
Model 8 test prc-auc = 0.471500
Model 8 test auc = 0.906009
Model 9 best validation prc-auc = 0.332220 on epoch 6
Model 9 test prc-auc = 0.506307
Model 9 test auc = 0.906825
Ensemble test prc-auc = 0.518462
Ensemble test auc = 0.914238
Fold 4
Model 0 best validation prc-auc = 0.449161 on epoch 15
Model 0 test prc-auc = 0.463967
Model 0 test auc = 0.903129
Model 1 best validation prc-auc = 0.416686 on epoch 18
Model 1 test prc-auc = 0.461667
Model 1 test auc = 0.902309
Model 2 best validation prc-auc = 0.421808 on epoch 8
Model 2 test prc-auc = 0.416576
Model 2 test auc = 0.893150
Model 3 best validation prc-auc = 0.455367 on epoch 12
Model 3 test prc-auc = 0.457861
Model 3 test auc = 0.906451
Model 4 best validation prc-auc = 0.418159 on epoch 14
Model 4 test prc-auc = 0.435602
Model 4 test auc = 0.910437
Model 5 best validation prc-auc = 0.453091 on epoch 8
Model 5 test prc-auc = 0.380807
Model 5 test auc = 0.895348
Model 6 best validation prc-auc = 0.450012 on epoch 8
Model 6 test prc-auc = 0.446179
Model 6 test auc = 0.899099
Model 7 best validation prc-auc = 0.429832 on epoch 6
Model 7 test prc-auc = 0.385580
Model 7 test auc = 0.891729
Model 8 best validation prc-auc = 0.437496 on epoch 10
Model 8 test prc-auc = 0.436478
Model 8 test auc = 0.909150
Model 9 best validation prc-auc = 0.454598 on epoch 9
Model 9 test prc-auc = 0.444511
Model 9 test auc = 0.900209
Ensemble test prc-auc = 0.472665
Ensemble test auc = 0.911125
5-fold cross validation
	Seed 0 ==> test prc-auc = 0.423463
	Seed 0 ==> test auc = 0.857449
	Seed 1 ==> test prc-auc = 0.541124
	Seed 1 ==> test auc = 0.926313
	Seed 2 ==> test prc-auc = 0.519931
	Seed 2 ==> test auc = 0.922400
	Seed 3 ==> test prc-auc = 0.518462
	Seed 3 ==> test auc = 0.914238
	Seed 4 ==> test prc-auc = 0.472665
	Seed 4 ==> test auc = 0.911125
Overall test prc-auc = 0.495129 +/- 0.042227
Overall test auc = 0.906305 +/- 0.025030
Elapsed time = 5 days, 6:03:14
