Fold 0
Model 0 best validation prc-auc = 0.434157 on epoch 4
Model 0 test prc-auc = 0.309019
Model 0 test auc = 0.795949
Ensemble test prc-auc = 0.309019
Ensemble test auc = 0.795949
Fold 1
Model 0 best validation prc-auc = 0.367846 on epoch 3
Model 0 test prc-auc = 0.472997
Model 0 test auc = 0.890250
Ensemble test prc-auc = 0.472997
Ensemble test auc = 0.890250
Fold 2
Model 0 best validation prc-auc = 0.366548 on epoch 5
Model 0 test prc-auc = 0.445312
Model 0 test auc = 0.896714
Ensemble test prc-auc = 0.445312
Ensemble test auc = 0.896714
Fold 3
Model 0 best validation prc-auc = 0.268391 on epoch 4
Model 0 test prc-auc = 0.421911
Model 0 test auc = 0.869566
Ensemble test prc-auc = 0.421911
Ensemble test auc = 0.869566
Fold 4
Model 0 best validation prc-auc = 0.387515 on epoch 9
Model 0 test prc-auc = 0.464853
Model 0 test auc = 0.879347
Ensemble test prc-auc = 0.464853
Ensemble test auc = 0.879347
Fold 5
Model 0 best validation prc-auc = 0.361810 on epoch 9
Model 0 test prc-auc = 0.388791
Model 0 test auc = 0.826499
Ensemble test prc-auc = 0.388791
Ensemble test auc = 0.826499
Fold 6
Model 0 best validation prc-auc = 0.399006 on epoch 4
Model 0 test prc-auc = 0.307409
Model 0 test auc = 0.804438
Ensemble test prc-auc = 0.307409
Ensemble test auc = 0.804438
Fold 7
Model 0 best validation prc-auc = 0.371225 on epoch 3
Model 0 test prc-auc = 0.484422
Model 0 test auc = 0.887261
Ensemble test prc-auc = 0.484422
Ensemble test auc = 0.887261
Fold 8
Model 0 best validation prc-auc = 0.425418 on epoch 3
Model 0 test prc-auc = 0.334200
Model 0 test auc = 0.910294
Ensemble test prc-auc = 0.334200
Ensemble test auc = 0.910294
Fold 9
Model 0 best validation prc-auc = 0.214423 on epoch 4
Model 0 test prc-auc = 0.389124
Model 0 test auc = 0.895856
Ensemble test prc-auc = 0.389124
Ensemble test auc = 0.895856
Fold 10
Model 0 best validation prc-auc = 0.382875 on epoch 5
Model 0 test prc-auc = 0.356862
Model 0 test auc = 0.783537
Ensemble test prc-auc = 0.356862
Ensemble test auc = 0.783537
Fold 11
Model 0 best validation prc-auc = 0.421211 on epoch 5
Model 0 test prc-auc = 0.335949
Model 0 test auc = 0.819637
Ensemble test prc-auc = 0.335949
Ensemble test auc = 0.819637
Fold 12
Model 0 best validation prc-auc = 0.471683 on epoch 4
Model 0 test prc-auc = 0.321438
Model 0 test auc = 0.819446
Ensemble test prc-auc = 0.321438
Ensemble test auc = 0.819446
Fold 13
Model 0 best validation prc-auc = 0.405541 on epoch 7
Model 0 test prc-auc = 0.371513
Model 0 test auc = 0.811368
Ensemble test prc-auc = 0.371513
Ensemble test auc = 0.811368
Fold 14
Model 0 best validation prc-auc = 0.480077 on epoch 4
Model 0 test prc-auc = 0.215023
Model 0 test auc = 0.789383
Ensemble test prc-auc = 0.215023
Ensemble test auc = 0.789383
Fold 15
Model 0 best validation prc-auc = 0.310498 on epoch 4
Model 0 test prc-auc = 0.526493
Model 0 test auc = 0.874805
Ensemble test prc-auc = 0.526493
Ensemble test auc = 0.874805
Fold 16
Model 0 best validation prc-auc = 0.340850 on epoch 5
Model 0 test prc-auc = 0.364888
Model 0 test auc = 0.836422
Ensemble test prc-auc = 0.364888
Ensemble test auc = 0.836422
Fold 17
Model 0 best validation prc-auc = 0.482088 on epoch 6
Model 0 test prc-auc = 0.285524
Model 0 test auc = 0.773832
Ensemble test prc-auc = 0.285524
Ensemble test auc = 0.773832
Fold 18
Model 0 best validation prc-auc = 0.357135 on epoch 5
Model 0 test prc-auc = 0.294520
Model 0 test auc = 0.879079
Ensemble test prc-auc = 0.294520
Ensemble test auc = 0.879079
Fold 19
Model 0 best validation prc-auc = 0.343775 on epoch 5
Model 0 test prc-auc = 0.414697
Model 0 test auc = 0.813605
Ensemble test prc-auc = 0.414697
Ensemble test auc = 0.813605
Fold 20
Model 0 best validation prc-auc = 0.340282 on epoch 3
Model 0 test prc-auc = 0.489306
Model 0 test auc = 0.922297
Ensemble test prc-auc = 0.489306
Ensemble test auc = 0.922297
Fold 21
Model 0 best validation prc-auc = 0.406985 on epoch 5
Model 0 test prc-auc = 0.513996
Model 0 test auc = 0.912837
Ensemble test prc-auc = 0.513996
Ensemble test auc = 0.912837
Fold 22
Model 0 best validation prc-auc = 0.476410 on epoch 3
Model 0 test prc-auc = 0.256707
Model 0 test auc = 0.864004
Ensemble test prc-auc = 0.256707
Ensemble test auc = 0.864004
Fold 23
Model 0 best validation prc-auc = 0.420662 on epoch 4
Model 0 test prc-auc = 0.512571
Model 0 test auc = 0.875966
Ensemble test prc-auc = 0.512571
Ensemble test auc = 0.875966
Fold 24
Model 0 best validation prc-auc = 0.524434 on epoch 3
Model 0 test prc-auc = 0.396090
Model 0 test auc = 0.867719
Ensemble test prc-auc = 0.396090
Ensemble test auc = 0.867719
Fold 25
Model 0 best validation prc-auc = 0.421435 on epoch 4
Model 0 test prc-auc = 0.329348
Model 0 test auc = 0.834932
Ensemble test prc-auc = 0.329348
Ensemble test auc = 0.834932
Fold 26
Model 0 best validation prc-auc = 0.397197 on epoch 4
Model 0 test prc-auc = 0.382257
Model 0 test auc = 0.854958
Ensemble test prc-auc = 0.382257
Ensemble test auc = 0.854958
Fold 27
Model 0 best validation prc-auc = 0.346218 on epoch 2
Model 0 test prc-auc = 0.327239
Model 0 test auc = 0.881344
Ensemble test prc-auc = 0.327239
Ensemble test auc = 0.881344
Fold 28
Model 0 best validation prc-auc = 0.532376 on epoch 2
Model 0 test prc-auc = 0.371667
Model 0 test auc = 0.867064
Ensemble test prc-auc = 0.371667
Ensemble test auc = 0.867064
Fold 29
Model 0 best validation prc-auc = 0.357502 on epoch 3
Model 0 test prc-auc = 0.303332
Model 0 test auc = 0.815590
Ensemble test prc-auc = 0.303332
Ensemble test auc = 0.815590
30-fold cross validation
	Seed 0 ==> test prc-auc = 0.309019
	Seed 0 ==> test auc = 0.795949
	Seed 1 ==> test prc-auc = 0.472997
	Seed 1 ==> test auc = 0.890250
	Seed 2 ==> test prc-auc = 0.445312
	Seed 2 ==> test auc = 0.896714
	Seed 3 ==> test prc-auc = 0.421911
	Seed 3 ==> test auc = 0.869566
	Seed 4 ==> test prc-auc = 0.464853
	Seed 4 ==> test auc = 0.879347
	Seed 5 ==> test prc-auc = 0.388791
	Seed 5 ==> test auc = 0.826499
	Seed 6 ==> test prc-auc = 0.307409
	Seed 6 ==> test auc = 0.804438
	Seed 7 ==> test prc-auc = 0.484422
	Seed 7 ==> test auc = 0.887261
	Seed 8 ==> test prc-auc = 0.334200
	Seed 8 ==> test auc = 0.910294
	Seed 9 ==> test prc-auc = 0.389124
	Seed 9 ==> test auc = 0.895856
	Seed 10 ==> test prc-auc = 0.356862
	Seed 10 ==> test auc = 0.783537
	Seed 11 ==> test prc-auc = 0.335949
	Seed 11 ==> test auc = 0.819637
	Seed 12 ==> test prc-auc = 0.321438
	Seed 12 ==> test auc = 0.819446
	Seed 13 ==> test prc-auc = 0.371513
	Seed 13 ==> test auc = 0.811368
	Seed 14 ==> test prc-auc = 0.215023
	Seed 14 ==> test auc = 0.789383
	Seed 15 ==> test prc-auc = 0.526493
	Seed 15 ==> test auc = 0.874805
	Seed 16 ==> test prc-auc = 0.364888
	Seed 16 ==> test auc = 0.836422
	Seed 17 ==> test prc-auc = 0.285524
	Seed 17 ==> test auc = 0.773832
	Seed 18 ==> test prc-auc = 0.294520
	Seed 18 ==> test auc = 0.879079
	Seed 19 ==> test prc-auc = 0.414697
	Seed 19 ==> test auc = 0.813605
	Seed 20 ==> test prc-auc = 0.489306
	Seed 20 ==> test auc = 0.922297
	Seed 21 ==> test prc-auc = 0.513996
	Seed 21 ==> test auc = 0.912837
	Seed 22 ==> test prc-auc = 0.256707
	Seed 22 ==> test auc = 0.864004
	Seed 23 ==> test prc-auc = 0.512571
	Seed 23 ==> test auc = 0.875966
	Seed 24 ==> test prc-auc = 0.396090
	Seed 24 ==> test auc = 0.867719
	Seed 25 ==> test prc-auc = 0.329348
	Seed 25 ==> test auc = 0.834932
	Seed 26 ==> test prc-auc = 0.382257
	Seed 26 ==> test auc = 0.854958
	Seed 27 ==> test prc-auc = 0.327239
	Seed 27 ==> test auc = 0.881344
	Seed 28 ==> test prc-auc = 0.371667
	Seed 28 ==> test auc = 0.867064
	Seed 29 ==> test prc-auc = 0.303332
	Seed 29 ==> test auc = 0.815590
Overall test prc-auc = 0.379582 +/- 0.079978
Overall test auc = 0.851800 +/- 0.041193
Elapsed time = 7:29:41
