Fold 0
Model 0 best validation prc-auc = 0.470222 on epoch 15
Model 0 test prc-auc = 0.413716
Model 0 test auc = 0.892323
Model 1 best validation prc-auc = 0.472332 on epoch 18
Model 1 test prc-auc = 0.408205
Model 1 test auc = 0.869909
Model 2 best validation prc-auc = 0.442553 on epoch 13
Model 2 test prc-auc = 0.423931
Model 2 test auc = 0.879941
Model 3 best validation prc-auc = 0.496132 on epoch 17
Model 3 test prc-auc = 0.416066
Model 3 test auc = 0.882830
Model 4 best validation prc-auc = 0.458738 on epoch 18
Model 4 test prc-auc = 0.415150
Model 4 test auc = 0.881420
Model 5 best validation prc-auc = 0.446548 on epoch 19
Model 5 test prc-auc = 0.431231
Model 5 test auc = 0.887893
Model 6 best validation prc-auc = 0.485313 on epoch 21
Model 6 test prc-auc = 0.447631
Model 6 test auc = 0.869851
Model 7 best validation prc-auc = 0.462526 on epoch 18
Model 7 test prc-auc = 0.410370
Model 7 test auc = 0.877501
Model 8 best validation prc-auc = 0.469093 on epoch 16
Model 8 test prc-auc = 0.424122
Model 8 test auc = 0.886034
Model 9 best validation prc-auc = 0.490695 on epoch 17
Model 9 test prc-auc = 0.446834
Model 9 test auc = 0.884037
Ensemble test prc-auc = 0.454670
Ensemble test auc = 0.890296
Fold 1
Model 0 best validation prc-auc = 0.640751 on epoch 14
Model 0 test prc-auc = 0.453796
Model 0 test auc = 0.871459
Model 1 best validation prc-auc = 0.654828 on epoch 16
Model 1 test prc-auc = 0.466001
Model 1 test auc = 0.865393
Model 2 best validation prc-auc = 0.658613 on epoch 18
Model 2 test prc-auc = 0.441712
Model 2 test auc = 0.867632
Model 3 best validation prc-auc = 0.645369 on epoch 18
Model 3 test prc-auc = 0.466356
Model 3 test auc = 0.871968
Model 4 best validation prc-auc = 0.640550 on epoch 9
Model 4 test prc-auc = 0.433200
Model 4 test auc = 0.888183
Model 5 best validation prc-auc = 0.657950 on epoch 15
Model 5 test prc-auc = 0.430604
Model 5 test auc = 0.874535
Model 6 best validation prc-auc = 0.644956 on epoch 15
Model 6 test prc-auc = 0.410343
Model 6 test auc = 0.879441
Model 7 best validation prc-auc = 0.639188 on epoch 17
Model 7 test prc-auc = 0.435008
Model 7 test auc = 0.867914
Model 8 best validation prc-auc = 0.620260 on epoch 14
Model 8 test prc-auc = 0.430104
Model 8 test auc = 0.869376
Model 9 best validation prc-auc = 0.640396 on epoch 16
Model 9 test prc-auc = 0.406339
Model 9 test auc = 0.863065
Ensemble test prc-auc = 0.470833
Ensemble test auc = 0.891969
Fold 2
Model 0 best validation prc-auc = 0.579469 on epoch 18
Model 0 test prc-auc = 0.515287
Model 0 test auc = 0.896181
Model 1 best validation prc-auc = 0.619140 on epoch 16
Model 1 test prc-auc = 0.538433
Model 1 test auc = 0.886277
Model 2 best validation prc-auc = 0.596618 on epoch 13
Model 2 test prc-auc = 0.490695
Model 2 test auc = 0.897793
Model 3 best validation prc-auc = 0.590692 on epoch 17
Model 3 test prc-auc = 0.473266
Model 3 test auc = 0.897109
Model 4 best validation prc-auc = 0.564319 on epoch 14
Model 4 test prc-auc = 0.518933
Model 4 test auc = 0.904996
Model 5 best validation prc-auc = 0.592680 on epoch 16
Model 5 test prc-auc = 0.517085
Model 5 test auc = 0.886883
Model 6 best validation prc-auc = 0.596710 on epoch 13
Model 6 test prc-auc = 0.545873
Model 6 test auc = 0.891387
Model 7 best validation prc-auc = 0.602287 on epoch 15
Model 7 test prc-auc = 0.505859
Model 7 test auc = 0.901535
Model 8 best validation prc-auc = 0.606614 on epoch 14
Model 8 test prc-auc = 0.502221
Model 8 test auc = 0.900579
Model 9 best validation prc-auc = 0.603822 on epoch 22
Model 9 test prc-auc = 0.446666
Model 9 test auc = 0.845970
Ensemble test prc-auc = 0.548509
Ensemble test auc = 0.912289
Fold 3
Model 0 best validation prc-auc = 0.420795 on epoch 11
Model 0 test prc-auc = 0.567851
Model 0 test auc = 0.930098
Model 1 best validation prc-auc = 0.423087 on epoch 8
Model 1 test prc-auc = 0.545117
Model 1 test auc = 0.931129
Model 2 best validation prc-auc = 0.395639 on epoch 10
Model 2 test prc-auc = 0.567652
Model 2 test auc = 0.935348
Model 3 best validation prc-auc = 0.421285 on epoch 11
Model 3 test prc-auc = 0.578798
Model 3 test auc = 0.934837
Model 4 best validation prc-auc = 0.432493 on epoch 8
Model 4 test prc-auc = 0.585583
Model 4 test auc = 0.929517
Model 5 best validation prc-auc = 0.438895 on epoch 7
Model 5 test prc-auc = 0.526595
Model 5 test auc = 0.919690
Model 6 best validation prc-auc = 0.390499 on epoch 5
Model 6 test prc-auc = 0.566875
Model 6 test auc = 0.928071
Model 7 best validation prc-auc = 0.409218 on epoch 9
Model 7 test prc-auc = 0.563322
Model 7 test auc = 0.932751
Model 8 best validation prc-auc = 0.385879 on epoch 10
Model 8 test prc-auc = 0.524209
Model 8 test auc = 0.931891
Model 9 best validation prc-auc = 0.395774 on epoch 12
Model 9 test prc-auc = 0.588005
Model 9 test auc = 0.931288
Ensemble test prc-auc = 0.596091
Ensemble test auc = 0.934736
Fold 4
Model 0 best validation prc-auc = 0.374203 on epoch 13
Model 0 test prc-auc = 0.431337
Model 0 test auc = 0.886331
Model 1 best validation prc-auc = 0.348928 on epoch 9
Model 1 test prc-auc = 0.355284
Model 1 test auc = 0.896207
Model 2 best validation prc-auc = 0.376150 on epoch 7
Model 2 test prc-auc = 0.429647
Model 2 test auc = 0.906204
Model 3 best validation prc-auc = 0.367373 on epoch 11
Model 3 test prc-auc = 0.389931
Model 3 test auc = 0.894507
Model 4 best validation prc-auc = 0.358930 on epoch 11
Model 4 test prc-auc = 0.430889
Model 4 test auc = 0.911473
Model 5 best validation prc-auc = 0.367917 on epoch 12
Model 5 test prc-auc = 0.424992
Model 5 test auc = 0.900416
Model 6 best validation prc-auc = 0.368717 on epoch 9
Model 6 test prc-auc = 0.406972
Model 6 test auc = 0.899789
Model 7 best validation prc-auc = 0.353807 on epoch 6
Model 7 test prc-auc = 0.422101
Model 7 test auc = 0.900698
Model 8 best validation prc-auc = 0.352096 on epoch 8
Model 8 test prc-auc = 0.420598
Model 8 test auc = 0.899180
Model 9 best validation prc-auc = 0.361277 on epoch 11
Model 9 test prc-auc = 0.412138
Model 9 test auc = 0.893603
Ensemble test prc-auc = 0.438990
Ensemble test auc = 0.905496
5-fold cross validation
	Seed 0 ==> test prc-auc = 0.454670
	Seed 0 ==> test auc = 0.890296
	Seed 1 ==> test prc-auc = 0.470833
	Seed 1 ==> test auc = 0.891969
	Seed 2 ==> test prc-auc = 0.548509
	Seed 2 ==> test auc = 0.912289
	Seed 3 ==> test prc-auc = 0.596091
	Seed 3 ==> test auc = 0.934736
	Seed 4 ==> test prc-auc = 0.438990
	Seed 4 ==> test auc = 0.905496
Overall test prc-auc = 0.501819 +/- 0.060329
Overall test auc = 0.906957 +/- 0.016152
Elapsed time = 1 day, 4:53:06
