Fold 0
Test prc-auc = 0.3367145896901944
Test auc = 0.8467531028368793
Fold 1
Test prc-auc = 0.4274123242096961
Test auc = 0.9124493647941492
Fold 2
Test prc-auc = 0.4798889385648847
Test auc = 0.9180834457424516
Fold 3
Test prc-auc = 0.39866261864825764
Test auc = 0.9178858657102504
Fold 4
Test prc-auc = 0.454059545107239
Test auc = 0.9007376757051179
Fold 5
Test prc-auc = 0.35029558374481123
Test auc = 0.8417026071414695
Fold 6
Test prc-auc = 0.34024720434588734
Test auc = 0.8839531417967917
Fold 7
Test prc-auc = 0.4632627565085794
Test auc = 0.9276754868835655
Fold 8
Test prc-auc = 0.4338674041568374
Test auc = 0.9359930282895399
Fold 9
Test prc-auc = 0.4013034327059647
Test auc = 0.92051775835998
Fold 10
Test prc-auc = 0.4098692677764415
Test auc = 0.8654419939035323
Fold 11
Test prc-auc = 0.33107074561449235
Test auc = 0.8568293695086002
Fold 12
Test prc-auc = 0.3761192596835415
Test auc = 0.9059455769213938
Fold 13
Test prc-auc = 0.3763037433803803
Test auc = 0.9274951181109539
Fold 14
Test prc-auc = 0.22727915835489537
Test auc = 0.8538155629588056
Fold 15
Test prc-auc = 0.5534235752862176
Test auc = 0.9449251419721219
Fold 16
Test prc-auc = 0.43028444450912934
Test auc = 0.9282415174993321
Fold 17
Test prc-auc = 0.2950576982664416
Test auc = 0.8695218792245676
Fold 18
Test prc-auc = 0.29419226368292284
Test auc = 0.8544418915308576
Fold 19
Test prc-auc = 0.4978831161508212
Test auc = 0.8964224691561693
Fold 20
Test prc-auc = 0.5246441809325728
Test auc = 0.9340474783293933
Fold 21
Test prc-auc = 0.4941499531668584
Test auc = 0.9269210190558506
Fold 22
Test prc-auc = 0.2712012791810524
Test auc = 0.8592332843918236
Fold 23
Test prc-auc = 0.5185696110022598
Test auc = 0.9090037148789826
Fold 24
Test prc-auc = 0.3974216731399802
Test auc = 0.8753348893850215
Fold 25
Test prc-auc = 0.3761791743813704
Test auc = 0.8823449651320656
Fold 26
Test prc-auc = 0.3521666310998335
Test auc = 0.879706275033378
Fold 27
Test prc-auc = 0.4025093817209602
Test auc = 0.9022211142563047
Fold 28
Test prc-auc = 0.41229344431235365
Test auc = 0.9237279876007911
Fold 29
Test prc-auc = 0.3351880449224735
Test auc = 0.8743875941304282
30-fold cross validation
	Seed 0 ==> test prc-auc = 0.336715
	Seed 0 ==> test auc = 0.846753
	Seed 1 ==> test prc-auc = 0.427412
	Seed 1 ==> test auc = 0.912449
	Seed 2 ==> test prc-auc = 0.479889
	Seed 2 ==> test auc = 0.918083
	Seed 3 ==> test prc-auc = 0.398663
	Seed 3 ==> test auc = 0.917886
	Seed 4 ==> test prc-auc = 0.454060
	Seed 4 ==> test auc = 0.900738
	Seed 5 ==> test prc-auc = 0.350296
	Seed 5 ==> test auc = 0.841703
	Seed 6 ==> test prc-auc = 0.340247
	Seed 6 ==> test auc = 0.883953
	Seed 7 ==> test prc-auc = 0.463263
	Seed 7 ==> test auc = 0.927675
	Seed 8 ==> test prc-auc = 0.433867
	Seed 8 ==> test auc = 0.935993
	Seed 9 ==> test prc-auc = 0.401303
	Seed 9 ==> test auc = 0.920518
	Seed 10 ==> test prc-auc = 0.409869
	Seed 10 ==> test auc = 0.865442
	Seed 11 ==> test prc-auc = 0.331071
	Seed 11 ==> test auc = 0.856829
	Seed 12 ==> test prc-auc = 0.376119
	Seed 12 ==> test auc = 0.905946
	Seed 13 ==> test prc-auc = 0.376304
	Seed 13 ==> test auc = 0.927495
	Seed 14 ==> test prc-auc = 0.227279
	Seed 14 ==> test auc = 0.853816
	Seed 15 ==> test prc-auc = 0.553424
	Seed 15 ==> test auc = 0.944925
	Seed 16 ==> test prc-auc = 0.430284
	Seed 16 ==> test auc = 0.928242
	Seed 17 ==> test prc-auc = 0.295058
	Seed 17 ==> test auc = 0.869522
	Seed 18 ==> test prc-auc = 0.294192
	Seed 18 ==> test auc = 0.854442
	Seed 19 ==> test prc-auc = 0.497883
	Seed 19 ==> test auc = 0.896422
	Seed 20 ==> test prc-auc = 0.524644
	Seed 20 ==> test auc = 0.934047
	Seed 21 ==> test prc-auc = 0.494150
	Seed 21 ==> test auc = 0.926921
	Seed 22 ==> test prc-auc = 0.271201
	Seed 22 ==> test auc = 0.859233
	Seed 23 ==> test prc-auc = 0.518570
	Seed 23 ==> test auc = 0.909004
	Seed 24 ==> test prc-auc = 0.397422
	Seed 24 ==> test auc = 0.875335
	Seed 25 ==> test prc-auc = 0.376179
	Seed 25 ==> test auc = 0.882345
	Seed 26 ==> test prc-auc = 0.352167
	Seed 26 ==> test auc = 0.879706
	Seed 27 ==> test prc-auc = 0.402509
	Seed 27 ==> test auc = 0.902221
	Seed 28 ==> test prc-auc = 0.412293
	Seed 28 ==> test auc = 0.923728
	Seed 29 ==> test prc-auc = 0.335188
	Seed 29 ==> test auc = 0.874388
Overall test prc-auc = 0.398717 +/- 0.077359
Overall test auc = 0.895859 +/- 0.030144
Elapsed time = 0:21:08
