Fold 0
Model 0 best validation prc-auc = 0.510611 on epoch 29
Model 0 test prc-auc = 0.556307
Model 0 test auc = 0.892221
Model 1 best validation prc-auc = 0.548600 on epoch 20
Model 1 test prc-auc = 0.554601
Model 1 test auc = 0.890253
Model 2 best validation prc-auc = 0.504863 on epoch 21
Model 2 test prc-auc = 0.573993
Model 2 test auc = 0.910066
Model 3 best validation prc-auc = 0.503672 on epoch 20
Model 3 test prc-auc = 0.568188
Model 3 test auc = 0.908854
Model 4 best validation prc-auc = 0.519480 on epoch 26
Model 4 test prc-auc = 0.535479
Model 4 test auc = 0.891670
Model 5 best validation prc-auc = 0.530799 on epoch 25
Model 5 test prc-auc = 0.532370
Model 5 test auc = 0.871296
Model 6 best validation prc-auc = 0.530508 on epoch 26
Model 6 test prc-auc = 0.560163
Model 6 test auc = 0.881361
Model 7 best validation prc-auc = 0.525127 on epoch 17
Model 7 test prc-auc = 0.575535
Model 7 test auc = 0.915817
Model 8 best validation prc-auc = 0.508730 on epoch 20
Model 8 test prc-auc = 0.520082
Model 8 test auc = 0.912035
Model 9 best validation prc-auc = 0.507968 on epoch 21
Model 9 test prc-auc = 0.546403
Model 9 test auc = 0.898296
Ensemble test prc-auc = 0.592744
Ensemble test auc = 0.920966
Fold 1
Model 0 best validation prc-auc = 0.520505 on epoch 17
Model 0 test prc-auc = 0.477647
Model 0 test auc = 0.922713
Model 1 best validation prc-auc = 0.527936 on epoch 11
Model 1 test prc-auc = 0.493455
Model 1 test auc = 0.923016
Model 2 best validation prc-auc = 0.547654 on epoch 17
Model 2 test prc-auc = 0.461882
Model 2 test auc = 0.884152
Model 3 best validation prc-auc = 0.543969 on epoch 19
Model 3 test prc-auc = 0.514092
Model 3 test auc = 0.909134
Model 4 best validation prc-auc = 0.549340 on epoch 20
Model 4 test prc-auc = 0.507364
Model 4 test auc = 0.898303
Model 5 best validation prc-auc = 0.550649 on epoch 15
Model 5 test prc-auc = 0.491844
Model 5 test auc = 0.922943
Model 6 best validation prc-auc = 0.563076 on epoch 20
Model 6 test prc-auc = 0.503838
Model 6 test auc = 0.915533
Model 7 best validation prc-auc = 0.546755 on epoch 21
Model 7 test prc-auc = 0.506028
Model 7 test auc = 0.903396
Model 8 best validation prc-auc = 0.557079 on epoch 18
Model 8 test prc-auc = 0.478818
Model 8 test auc = 0.915270
Model 9 best validation prc-auc = 0.549698 on epoch 15
Model 9 test prc-auc = 0.493652
Model 9 test auc = 0.920664
Ensemble test prc-auc = 0.524975
Ensemble test auc = 0.924669
Fold 2
Fold 0
Model 0 best validation prc-auc = 0.510611 on epoch 29
Model 0 test prc-auc = 0.556307
Model 0 test auc = 0.892221
Model 1 best validation prc-auc = 0.548600 on epoch 20
Model 1 test prc-auc = 0.554601
Model 1 test auc = 0.890253
Model 2 best validation prc-auc = 0.504863 on epoch 21
Model 2 test prc-auc = 0.573993
Model 2 test auc = 0.910066
Model 3 best validation prc-auc = 0.503672 on epoch 20
Model 3 test prc-auc = 0.568188
Model 3 test auc = 0.908854
Model 4 best validation prc-auc = 0.519480 on epoch 26
Model 4 test prc-auc = 0.535479
Model 4 test auc = 0.891670
Model 5 best validation prc-auc = 0.530799 on epoch 25
Model 5 test prc-auc = 0.532370
Model 5 test auc = 0.871296
Model 6 best validation prc-auc = 0.530508 on epoch 26
Model 6 test prc-auc = 0.560163
Model 6 test auc = 0.881361
Model 7 best validation prc-auc = 0.525127 on epoch 17
Model 7 test prc-auc = 0.575535
Model 7 test auc = 0.915817
Model 8 best validation prc-auc = 0.508730 on epoch 20
Model 8 test prc-auc = 0.520082
Model 8 test auc = 0.912035
Model 9 best validation prc-auc = 0.507968 on epoch 21
Model 9 test prc-auc = 0.546403
Model 9 test auc = 0.898296
Ensemble test prc-auc = 0.592744
Ensemble test auc = 0.920966
Fold 1
Model 0 best validation prc-auc = 0.520505 on epoch 17
Model 0 test prc-auc = 0.477647
Model 0 test auc = 0.922713
Model 1 best validation prc-auc = 0.527936 on epoch 11
Model 1 test prc-auc = 0.493455
Model 1 test auc = 0.923016
Model 2 best validation prc-auc = 0.547654 on epoch 17
Model 2 test prc-auc = 0.461882
Model 2 test auc = 0.884152
Model 3 best validation prc-auc = 0.543969 on epoch 19
Model 3 test prc-auc = 0.514092
Model 3 test auc = 0.909134
Model 4 best validation prc-auc = 0.549340 on epoch 20
Model 4 test prc-auc = 0.507364
Model 4 test auc = 0.898303
Model 5 best validation prc-auc = 0.550649 on epoch 15
Model 5 test prc-auc = 0.491844
Model 5 test auc = 0.922943
Model 6 best validation prc-auc = 0.563076 on epoch 20
Model 6 test prc-auc = 0.503838
Model 6 test auc = 0.915533
Model 7 best validation prc-auc = 0.546755 on epoch 21
Model 7 test prc-auc = 0.506028
Model 7 test auc = 0.903396
Model 8 best validation prc-auc = 0.557079 on epoch 18
Model 8 test prc-auc = 0.478818
Model 8 test auc = 0.915270
Model 9 best validation prc-auc = 0.549698 on epoch 15
Model 9 test prc-auc = 0.493652
Model 9 test auc = 0.920664
Ensemble test prc-auc = 0.524975
Ensemble test auc = 0.924669
Fold 2
Model 0 best validation prc-auc = 0.541350 on epoch 16
Model 0 test prc-auc = 0.571954
Model 0 test auc = 0.902941
Model 1 best validation prc-auc = 0.546378 on epoch 14
Model 1 test prc-auc = 0.581730
Model 1 test auc = 0.909078
Model 2 best validation prc-auc = 0.535813 on epoch 18
Model 2 test prc-auc = 0.571913
Model 2 test auc = 0.905214
Model 3 best validation prc-auc = 0.528469 on epoch 13
Model 3 test prc-auc = 0.583639
Model 3 test auc = 0.914515
Model 4 best validation prc-auc = 0.523010 on epoch 11
Model 4 test prc-auc = 0.542795
Model 4 test auc = 0.918645
Model 5 best validation prc-auc = 0.556214 on epoch 19
Model 5 test prc-auc = 0.559230
Model 5 test auc = 0.886354
Model 6 best validation prc-auc = 0.534895 on epoch 18
Model 6 test prc-auc = 0.561055
Model 6 test auc = 0.907817
Model 7 best validation prc-auc = 0.513339 on epoch 18
Model 7 test prc-auc = 0.595665
Model 7 test auc = 0.913204
Model 8 best validation prc-auc = 0.527754 on epoch 15
Model 8 test prc-auc = 0.553461
Model 8 test auc = 0.905049
Model 9 best validation prc-auc = 0.539904 on epoch 13
Model 9 test prc-auc = 0.559847
Model 9 test auc = 0.916857
Ensemble test prc-auc = 0.601701
Ensemble test auc = 0.920181
Fold 3
Model 0 best validation prc-auc = 0.512316 on epoch 14
Model 0 test prc-auc = 0.552273
Model 0 test auc = 0.917825
Model 1 best validation prc-auc = 0.521540 on epoch 7
Model 1 test prc-auc = 0.487168
Model 1 test auc = 0.915941
Model 2 best validation prc-auc = 0.512680 on epoch 15
Model 2 test prc-auc = 0.561585
Model 2 test auc = 0.907250
Model 3 best validation prc-auc = 0.513205 on epoch 23
Model 3 test prc-auc = 0.527728
Model 3 test auc = 0.882046
Model 4 best validation prc-auc = 0.511197 on epoch 8
Model 4 test prc-auc = 0.516107
Model 4 test auc = 0.922857
Model 5 best validation prc-auc = 0.534026 on epoch 21
Model 5 test prc-auc = 0.542297
Model 5 test auc = 0.871669
Model 6 best validation prc-auc = 0.537957 on epoch 13
Model 6 test prc-auc = 0.519394
Model 6 test auc = 0.923777
Model 7 best validation prc-auc = 0.507378 on epoch 22
Model 7 test prc-auc = 0.561412
Model 7 test auc = 0.884860
Model 8 best validation prc-auc = 0.535269 on epoch 15
Model 8 test prc-auc = 0.534758
Model 8 test auc = 0.901281
Model 9 best validation prc-auc = 0.526184 on epoch 21
Model 9 test prc-auc = 0.513615
Model 9 test auc = 0.881475
Ensemble test prc-auc = 0.575824
Ensemble test auc = 0.932779
Fold 4
Model 0 best validation prc-auc = 0.584684 on epoch 21
Model 0 test prc-auc = 0.550220
Model 0 test auc = 0.907756
Model 1 best validation prc-auc = 0.562818 on epoch 23
Model 1 test prc-auc = 0.569986
Model 1 test auc = 0.912181
Model 2 best validation prc-auc = 0.586003 on epoch 12
Model 2 test prc-auc = 0.580103
Model 2 test auc = 0.928179
Model 3 best validation prc-auc = 0.573057 on epoch 15
Model 3 test prc-auc = 0.558523
Model 3 test auc = 0.925652
Model 4 best validation prc-auc = 0.575950 on epoch 15
Model 4 test prc-auc = 0.550162
Model 4 test auc = 0.922696
Model 5 best validation prc-auc = 0.567372 on epoch 15
Model 5 test prc-auc = 0.585476
Model 5 test auc = 0.925040
Model 6 best validation prc-auc = 0.592166 on epoch 20
Model 6 test prc-auc = 0.577483
Model 6 test auc = 0.896712
Model 7 best validation prc-auc = 0.572963 on epoch 15
Model 7 test prc-auc = 0.560498
Model 7 test auc = 0.922759
Model 8 best validation prc-auc = 0.579717 on epoch 20
Model 8 test prc-auc = 0.578396
Model 8 test auc = 0.901205
Model 9 best validation prc-auc = 0.563003 on epoch 12
Model 9 test prc-auc = 0.552304
Model 9 test auc = 0.929532
Ensemble test prc-auc = 0.608672
Ensemble test auc = 0.928032
5-fold cross validation
	Seed 0 ==> test prc-auc = 0.592744
	Seed 0 ==> test auc = 0.920966
	Seed 1 ==> test prc-auc = 0.524975
	Seed 1 ==> test auc = 0.924669
	Seed 2 ==> test prc-auc = 0.601701
	Seed 2 ==> test auc = 0.920181
	Seed 3 ==> test prc-auc = 0.575824
	Seed 3 ==> test auc = 0.932779
	Seed 4 ==> test prc-auc = 0.608672
	Seed 4 ==> test auc = 0.928032
Overall test prc-auc = 0.580783 +/- 0.029992
Overall test auc = 0.925325 +/- 0.004664
Elapsed time = 2 days, 11:34:50
