Fold 0
Model 0 best validation prc-auc = 0.497806 on epoch 10
Model 0 test prc-auc = 0.412972
Model 0 test auc = 0.867243
Ensemble test prc-auc = 0.412972
Ensemble test auc = 0.867243
Fold 1
Model 0 best validation prc-auc = 0.436769 on epoch 12
Model 0 test prc-auc = 0.502372
Model 0 test auc = 0.910021
Ensemble test prc-auc = 0.502372
Ensemble test auc = 0.910021
Fold 2
Model 0 best validation prc-auc = 0.391610 on epoch 9
Model 0 test prc-auc = 0.482893
Model 0 test auc = 0.929670
Ensemble test prc-auc = 0.482893
Ensemble test auc = 0.929670
Fold 3
Model 0 best validation prc-auc = 0.334537 on epoch 6
Model 0 test prc-auc = 0.521630
Model 0 test auc = 0.912893
Ensemble test prc-auc = 0.521630
Ensemble test auc = 0.912893
Fold 4
Model 0 best validation prc-auc = 0.449161 on epoch 15
Model 0 test prc-auc = 0.463967
Model 0 test auc = 0.903129
Ensemble test prc-auc = 0.463967
Ensemble test auc = 0.903129
Fold 5
Model 0 best validation prc-auc = 0.366065 on epoch 9
Model 0 test prc-auc = 0.409221
Model 0 test auc = 0.897106
Ensemble test prc-auc = 0.409221
Ensemble test auc = 0.897106
Fold 6
Model 0 best validation prc-auc = 0.469751 on epoch 7
Model 0 test prc-auc = 0.368314
Model 0 test auc = 0.823701
Ensemble test prc-auc = 0.368314
Ensemble test auc = 0.823701
Fold 7
Model 0 best validation prc-auc = 0.485812 on epoch 13
Model 0 test prc-auc = 0.548818
Model 0 test auc = 0.927186
Ensemble test prc-auc = 0.548818
Ensemble test auc = 0.927186
Fold 8
Model 0 best validation prc-auc = 0.534772 on epoch 14
Model 0 test prc-auc = 0.371073
Model 0 test auc = 0.940099
Ensemble test prc-auc = 0.371073
Ensemble test auc = 0.940099
Fold 9
Model 0 best validation prc-auc = 0.366813 on epoch 5
Model 0 test prc-auc = 0.493087
Model 0 test auc = 0.937224
Ensemble test prc-auc = 0.493087
Ensemble test auc = 0.937224
Fold 10
Model 0 best validation prc-auc = 0.483076 on epoch 14
Model 0 test prc-auc = 0.483239
Model 0 test auc = 0.871055
Ensemble test prc-auc = 0.483239
Ensemble test auc = 0.871055
Fold 11
Model 0 best validation prc-auc = 0.531064 on epoch 16
Model 0 test prc-auc = 0.393806
Model 0 test auc = 0.831500
Ensemble test prc-auc = 0.393806
Ensemble test auc = 0.831500
Fold 12
Model 0 best validation prc-auc = 0.529840 on epoch 18
Model 0 test prc-auc = 0.409710
Model 0 test auc = 0.870343
Ensemble test prc-auc = 0.409710
Ensemble test auc = 0.870343
Fold 13
Model 0 best validation prc-auc = 0.504070 on epoch 10
Model 0 test prc-auc = 0.487809
Model 0 test auc = 0.912871
Ensemble test prc-auc = 0.487809
Ensemble test auc = 0.912871
Fold 14
Model 0 best validation prc-auc = 0.554958 on epoch 12
Model 0 test prc-auc = 0.253721
Model 0 test auc = 0.833762
Ensemble test prc-auc = 0.253721
Ensemble test auc = 0.833762
Fold 15
Model 0 best validation prc-auc = 0.394767 on epoch 21
Model 0 test prc-auc = 0.614754
Model 0 test auc = 0.908556
Ensemble test prc-auc = 0.614754
Ensemble test auc = 0.908556
Fold 16
Model 0 best validation prc-auc = 0.503915 on epoch 13
Model 0 test prc-auc = 0.473807
Model 0 test auc = 0.906722
Ensemble test prc-auc = 0.473807
Ensemble test auc = 0.906722
Fold 17
Model 0 best validation prc-auc = 0.551070 on epoch 16
Model 0 test prc-auc = 0.335166
Model 0 test auc = 0.853263
Ensemble test prc-auc = 0.335166
Ensemble test auc = 0.853263
Fold 18
Model 0 best validation prc-auc = 0.492102 on epoch 13
Model 0 test prc-auc = 0.441236
Model 0 test auc = 0.890947
Ensemble test prc-auc = 0.441236
Ensemble test auc = 0.890947
Fold 19
Model 0 best validation prc-auc = 0.397773 on epoch 17
Model 0 test prc-auc = 0.484313
Model 0 test auc = 0.851232
Ensemble test prc-auc = 0.484313
Ensemble test auc = 0.851232
Fold 20
Model 0 best validation prc-auc = 0.404734 on epoch 10
Model 0 test prc-auc = 0.513533
Model 0 test auc = 0.924306
Ensemble test prc-auc = 0.513533
Ensemble test auc = 0.924306
Fold 21
Model 0 best validation prc-auc = 0.455537 on epoch 11
Model 0 test prc-auc = 0.540235
Model 0 test auc = 0.949567
Ensemble test prc-auc = 0.540235
Ensemble test auc = 0.949567
Fold 22
Model 0 best validation prc-auc = 0.585263 on epoch 14
Model 0 test prc-auc = 0.308699
Model 0 test auc = 0.862319
Ensemble test prc-auc = 0.308699
Ensemble test auc = 0.862319
Fold 23
Model 0 best validation prc-auc = 0.444857 on epoch 10
Model 0 test prc-auc = 0.545972
Model 0 test auc = 0.914688
Ensemble test prc-auc = 0.545972
Ensemble test auc = 0.914688
Fold 24
Model 0 best validation prc-auc = 0.594947 on epoch 19
Model 0 test prc-auc = 0.387200
Model 0 test auc = 0.863933
Ensemble test prc-auc = 0.387200
Ensemble test auc = 0.863933
Fold 25
Model 0 best validation prc-auc = 0.478824 on epoch 19
Model 0 test prc-auc = 0.450654
Model 0 test auc = 0.887604
Ensemble test prc-auc = 0.450654
Ensemble test auc = 0.887604
Fold 26
Model 0 best validation prc-auc = 0.513073 on epoch 4
Model 0 test prc-auc = 0.345594
Model 0 test auc = 0.864637
Ensemble test prc-auc = 0.345594
Ensemble test auc = 0.864637
Fold 27
Model 0 best validation prc-auc = 0.432789 on epoch 11
Model 0 test prc-auc = 0.386109
Model 0 test auc = 0.906776
Ensemble test prc-auc = 0.386109
Ensemble test auc = 0.906776
Fold 28
Model 0 best validation prc-auc = 0.558575 on epoch 8
Model 0 test prc-auc = 0.458884
Model 0 test auc = 0.892680
Ensemble test prc-auc = 0.458884
Ensemble test auc = 0.892680
Fold 29
Model 0 best validation prc-auc = 0.457174 on epoch 13
Model 0 test prc-auc = 0.436835
Model 0 test auc = 0.879727
Ensemble test prc-auc = 0.436835
Ensemble test auc = 0.879727
30-fold cross validation
	Seed 0 ==> test prc-auc = 0.412972
	Seed 0 ==> test auc = 0.867243
	Seed 1 ==> test prc-auc = 0.502372
	Seed 1 ==> test auc = 0.910021
	Seed 2 ==> test prc-auc = 0.482893
	Seed 2 ==> test auc = 0.929670
	Seed 3 ==> test prc-auc = 0.521630
	Seed 3 ==> test auc = 0.912893
	Seed 4 ==> test prc-auc = 0.463967
	Seed 4 ==> test auc = 0.903129
	Seed 5 ==> test prc-auc = 0.409221
	Seed 5 ==> test auc = 0.897106
	Seed 6 ==> test prc-auc = 0.368314
	Seed 6 ==> test auc = 0.823701
	Seed 7 ==> test prc-auc = 0.548818
	Seed 7 ==> test auc = 0.927186
	Seed 8 ==> test prc-auc = 0.371073
	Seed 8 ==> test auc = 0.940099
	Seed 9 ==> test prc-auc = 0.493087
	Seed 9 ==> test auc = 0.937224
	Seed 10 ==> test prc-auc = 0.483239
	Seed 10 ==> test auc = 0.871055
	Seed 11 ==> test prc-auc = 0.393806
	Seed 11 ==> test auc = 0.831500
	Seed 12 ==> test prc-auc = 0.409710
	Seed 12 ==> test auc = 0.870343
	Seed 13 ==> test prc-auc = 0.487809
	Seed 13 ==> test auc = 0.912871
	Seed 14 ==> test prc-auc = 0.253721
	Seed 14 ==> test auc = 0.833762
	Seed 15 ==> test prc-auc = 0.614754
	Seed 15 ==> test auc = 0.908556
	Seed 16 ==> test prc-auc = 0.473807
	Seed 16 ==> test auc = 0.906722
	Seed 17 ==> test prc-auc = 0.335166
	Seed 17 ==> test auc = 0.853263
	Seed 18 ==> test prc-auc = 0.441236
	Seed 18 ==> test auc = 0.890947
	Seed 19 ==> test prc-auc = 0.484313
	Seed 19 ==> test auc = 0.851232
	Seed 20 ==> test prc-auc = 0.513533
	Seed 20 ==> test auc = 0.924306
	Seed 21 ==> test prc-auc = 0.540235
	Seed 21 ==> test auc = 0.949567
	Seed 22 ==> test prc-auc = 0.308699
	Seed 22 ==> test auc = 0.862319
	Seed 23 ==> test prc-auc = 0.545972
	Seed 23 ==> test auc = 0.914688
	Seed 24 ==> test prc-auc = 0.387200
	Seed 24 ==> test auc = 0.863933
	Seed 25 ==> test prc-auc = 0.450654
	Seed 25 ==> test auc = 0.887604
	Seed 26 ==> test prc-auc = 0.345594
	Seed 26 ==> test auc = 0.864637
	Seed 27 ==> test prc-auc = 0.386109
	Seed 27 ==> test auc = 0.906776
	Seed 28 ==> test prc-auc = 0.458884
	Seed 28 ==> test auc = 0.892680
	Seed 29 ==> test prc-auc = 0.436835
	Seed 29 ==> test auc = 0.879727
Overall test prc-auc = 0.444187 +/- 0.078363
Overall test auc = 0.890825 +/- 0.033112
Elapsed time = 1 day, 11:42:47
